/BATCH  
/COM,ANSYS RELEASE Release 19.0      BUILD 19.0      UP20171214       13:11:39
/input,menust,tmp,''
/COM,ANSYS RELEASE Release 19.0      BUILD 19.0      UP20171214       13:11:39
/GRA,POWER
/GST,ON
/PLO,INFO,3
/GRO,CURL,ON
/CPLANE,1   
/REPLOT,RESIZE  
WPSTYLE,,,,,,,,0
/RGB,INDEX,100,100,100, 0   
/RGB,INDEX, 80, 80, 80,13   
/RGB,INDEX, 60, 60, 60,14   
/RGB,INDEX, 0, 0, 0,15  
/REPLOT 
GPLOT   
/PREP7  
!*  
ETDEL,1 
!*  
ETDEL,1 
!*  
ET,2,PLANE77
!*  
ETDEL,1 
!*  
ETDEL,2 
!*  
ACLEAR,       1 
FLST,2,5,4,ORDE,2   
FITEM,2,1   
FITEM,2,-5  
LCLEAR,P51X 
FLST,2,5,4,ORDE,2   
FITEM,2,1   
FITEM,2,-5  
LCLEAR,P51X 
GPLOT   
!*  
ETDEL,1 
!*  
ET,1,PLANE77
!*  
KEYOPT,1,1,0
KEYOPT,1,3,0
!*  
FLST,2,1,5,ORDE,1   
FITEM,2,1   
AESIZE,P51X,0.1,
CM,_Y,AREA  
ASEL, , , ,       1 
CM,_Y1,AREA 
CHKMSH,'AREA'   
CMSEL,S,_Y  
!*  
AMESH,_Y1   
!*  
CMDELE,_Y   
CMDELE,_Y1  
CMDELE,_Y2  
!*  
FLST,2,1,5,ORDE,1   
FITEM,2,1   
AESIZE,P51X,0.05,   
CM,_Y,AREA  
ASEL, , , ,       1 
CM,_Y1,AREA 
CHKMSH,'AREA'   
CMSEL,S,_Y  
!*  
!*  
ACLEAR,_Y1  
AMESH,_Y1   
!*  
CMDELE,_Y   
CMDELE,_Y1  
CMDELE,_Y2  
!*  
/DIST, 1 ,1.082226,1
/REP,FAST   
/DIST, 1 ,1.082226,1
/REP,FAST   
/DIST, 1 ,1.082226,1
/REP,FAST   
/DIST, 1 ,1.082226,1
/REP,FAST   
/DIST, 1 ,1.082226,1
/REP,FAST   
/DIST, 1 ,0.924021,1
/REP,FAST   
/DIST, 1 ,0.924021,1
/REP,FAST   
/DIST, 1 ,0.924021,1
/REP,FAST   
/DIST, 1 ,0.924021,1
/REP,FAST   
/DIST, 1 ,0.924021,1
/REP,FAST   
/DIST, 1 ,0.924021,1
/REP,FAST   
/DIST, 1 ,0.924021,1
/REP,FAST   
/DIST, 1 ,0.924021,1
/REP,FAST   
/REPLOT,RESIZE  
FINISH  
/SOL
FINISH  
/PREP7  
FINISH  
/SOL
/STATUS,SOLU
SOLVE   
FINISH  
/POST1  
!*  
/EFACET,1   
PLNSOL, TEMP,, 0
!*  
/EFACET,1   
PLNSOL, TF,SUM, 0   
!*  
PLESOL, TG,SUM, 0   
/DIST, 1 ,0.924021,1
/REP,FAST   
/DIST, 1 ,0.924021,1
/REP,FAST   
/DIST, 1 ,0.924021,1
/REP,FAST   
/DIST, 1 ,1.082226,1
/REP,FAST   
/DIST, 1 ,1.082226,1
/REP,FAST   
/DIST, 1 ,1.082226,1
/REP,FAST   
/DIST, 1 ,1.082226,1
/REP,FAST   
/DIST, 1 ,1.082226,1
/REP,FAST   
/DIST, 1 ,1.082226,1
/REP,FAST   
/DIST, 1 ,1.082226,1
/REP,FAST   
/DIST, 1 ,0.924021,1
/REP,FAST   
/DIST, 1 ,0.924021,1
/REP,FAST   
/DIST, 1 ,0.924021,1
/REP,FAST   
/DIST, 1 ,0.924021,1
/REP,FAST   
/DIST, 1 ,0.924021,1
/REP,FAST   
/DIST, 1 ,0.924021,1
/REP,FAST   
/FOC,1,,-0.3,,1 
/REP,FAST   
/DIST, 1 ,0.924021,1
/REP,FAST   
/DIST, 1 ,1.082226,1
/REP,FAST   
/DIST, 1 ,0.924021,1
/REP,FAST   
/DIST, 1 ,1.082226,1
/REP,FAST   
/DIST, 1 ,1.082226,1
/REP,FAST   
/DIST, 1 ,1.082226,1
/REP,FAST   
/DIST, 1 ,1.082226,1
/REP,FAST   
/DIST, 1 ,1.082226,1
/REP,FAST   
/DIST, 1 ,0.924021,1
/REP,FAST   
/DIST, 1 ,0.924021,1
/REP,FAST   
/DIST, 1 ,0.924021,1
/REP,FAST   
/DIST, 1 ,0.924021,1
/REP,FAST   
/DIST, 1 ,0.924021,1
/REP,FAST   
/DIST, 1 ,0.924021,1
/REP,FAST   
/DIST, 1 ,0.924021,1
/REP,FAST   
/DIST, 1 ,0.924021,1
/REP,FAST   
/DIST, 1 ,0.924021,1
/REP,FAST   
/DIST, 1 ,0.924021,1
/REP,FAST   
/DIST, 1 ,0.924021,1
/REP,FAST   
/FOC,1,,-0.3,,1 
/REP,FAST   
/FOC,1,,-0.3,,1 
/REP,FAST   
/DIST, 1 ,0.924021,1
/REP,FAST   
/DIST, 1 ,0.924021,1
/REP,FAST   
/DIST, 1 ,0.924021,1
/REP,FAST   
/DIST, 1 ,1.082226,1
/REP,FAST   
/DIST, 1 ,1.082226,1
/REP,FAST   
/DIST, 1 ,1.082226,1
/REP,FAST   
/DIST, 1 ,1.082226,1
/REP,FAST   
/DIST, 1 ,1.082226,1
/REP,FAST   
/DIST, 1 ,1.082226,1
/REP,FAST   
/DIST, 1 ,1.082226,1
/REP,FAST   
/DIST, 1 ,0.924021,1
/REP,FAST   
/DIST, 1 ,1.082226,1
/REP,FAST   
/DIST, 1 ,0.924021,1
/REP,FAST   
/DIST, 1 ,1.082226,1
/REP,FAST   
/DIST, 1 ,0.924021,1
/REP,FAST   
/DIST, 1 ,0.924021,1
/REP,FAST   
/DIST, 1 ,0.924021,1
/REP,FAST   
/DIST, 1 ,0.924021,1
/REP,FAST   
/DIST, 1 ,0.924021,1
/REP,FAST   
/DIST, 1 ,0.924021,1
/REP,FAST   
/FOC,1,,-0.3,,1 
/REP,FAST   
/FOC,1,,0.3,,1  
/REP,FAST   
/FOC,1,,0.3,,1  
/REP,FAST   
/FOC,1,,0.3,,1  
/REP,FAST   
/FOC,1,,0.3,,1  
/REP,FAST   
/FOC,1,,0.3,,1  
/REP,FAST   
/FOC,1,,0.3,,1  
/REP,FAST   
/FOC,1,,0.3,,1  
/REP,FAST   
/FOC,1,,0.3,,1  
/REP,FAST   
/FOC,1,,0.3,,1  
/REP,FAST   
/FOC,1,,0.3,,1  
/REP,FAST   
/DIST, 1 ,1.082226,1
/REP,FAST   
/DIST, 1 ,1.082226,1
/REP,FAST   
/DIST, 1 ,1.082226,1
/REP,FAST   
/DIST, 1 ,1.082226,1
/REP,FAST   
/DIST, 1 ,1.082226,1
/REP,FAST   
/DIST, 1 ,1.082226,1
/REP,FAST   
/DIST, 1 ,1.082226,1
/REP,FAST   
/DIST, 1 ,0.924021,1
/REP,FAST   
/DIST, 1 ,1.082226,1
/REP,FAST   
/DIST, 1 ,1.082226,1
/REP,FAST   
/DIST, 1 ,1.082226,1
/REP,FAST   
/DIST, 1 ,1.082226,1
/REP,FAST   
/DIST, 1 ,1.082226,1
/REP,FAST   
/DIST, 1 ,1.082226,1
/REP,FAST   
/DIST, 1 ,1.082226,1
/REP,FAST   
/DIST, 1 ,1.082226,1
/REP,FAST   
/DIST, 1 ,1.082226,1
/REP,FAST   
/DIST, 1 ,1.082226,1
/REP,FAST   
/DIST, 1 ,1.082226,1
/REP,FAST   
/DIST, 1 ,1.082226,1
/REP,FAST   
/DIST, 1 ,1.082226,1
/REP,FAST   
/DIST, 1 ,0.924021,1
/REP,FAST   
/DIST, 1 ,0.924021,1
/REP,FAST   
/DIST, 1 ,0.924021,1
/REP,FAST   
FLST,2,87,1 
FITEM,2,2009
FITEM,2,2760
FITEM,2,2009
FITEM,2,2760
FITEM,2,402 
FITEM,2,21880   
FITEM,2,21504   
FITEM,2,3123
FITEM,2,3123
FITEM,2,21323   
FITEM,2,20870   
FITEM,2,20697   
FITEM,2,20500   
FITEM,2,22197   
FITEM,2,5927
FITEM,2,5927
FITEM,2,5927
FITEM,2,5927
FITEM,2,20041   
FITEM,2,19801   
FITEM,2,19584   
FITEM,2,19316   
FITEM,2,19005   
FITEM,2,8097
FITEM,2,19005   
FITEM,2,8097
FITEM,2,19006   
FITEM,2,8700
FITEM,2,8700
FITEM,2,18571   
FITEM,2,18143   
FITEM,2,17724   
FITEM,2,17604   
FITEM,2,17434   
FITEM,2,11660   
FITEM,2,11660   
FITEM,2,17366   
FITEM,2,17052   
FITEM,2,12734   
FITEM,2,12734   
FITEM,2,16853   
FITEM,2,16612   
FITEM,2,13614   
FITEM,2,13614   
FITEM,2,16472   
FITEM,2,16225   
FITEM,2,16070   
FITEM,2,14707   
FITEM,2,14707   
FITEM,2,14655   
FITEM,2,14655   
FITEM,2,16019   
FITEM,2,22920   
FITEM,2,15798   
FITEM,2,15749   
FITEM,2,15368   
FITEM,2,15237   
FITEM,2,15749   
FITEM,2,15237   
FITEM,2,15368   
FITEM,2,15130   
FITEM,2,15798   
FITEM,2,15749   
FITEM,2,15683   
FITEM,2,15472   
FITEM,2,15472   
FITEM,2,22925   
FITEM,2,15591   
FITEM,2,15528   
FITEM,2,15324   
FITEM,2,15890   
FITEM,2,16050   
FITEM,2,16163   
FITEM,2,13745   
FITEM,2,16694   
FITEM,2,12497   
FITEM,2,17508   
FITEM,2,17803   
FITEM,2,18225   
FITEM,2,8841
FITEM,2,8140
FITEM,2,19664   
FITEM,2,22280   
FITEM,2,20547   
FITEM,2,21164   
FITEM,2,22048   
FITEM,2,200 
!*  
PATH,line,87,30,20, 
PPATH,P51X,1
PATH,STAT   
!*  
!*  
PDEF,line,TEMP, ,AVG
/PBC,PATH, ,0   
!*  
PLPATH,LINE 
GPLOT   
/DIST, 1 ,0.924021,1
/REP,FAST   
/DIST, 1 ,0.924021,1
/REP,FAST   
/DIST, 1 ,0.924021,1
/REP,FAST   
/DIST, 1 ,0.924021,1
/REP,FAST   
/DIST, 1 ,0.924021,1
/REP,FAST   
/DIST, 1 ,0.924021,1
/REP,FAST   
/DIST, 1 ,1.082226,1
/REP,FAST   
/DIST, 1 ,1.082226,1
/REP,FAST   
/DIST, 1 ,1.082226,1
/REP,FAST   
/DIST, 1 ,1.082226,1
/REP,FAST   
/DIST, 1 ,0.924021,1
/REP,FAST   
/DIST, 1 ,0.924021,1
/REP,FAST   
/FOC,1,,0.3,,1  
/REP,FAST   
/FOC,1,,0.3,,1  
/REP,FAST   
/FOC,1,,-0.3,,1 
/REP,FAST   
/FOC,1,,-0.3,,1 
/REP,FAST   
/FOC,1,,-0.3,,1 
/REP,FAST   
/FOC,1,,-0.3,,1 
/REP,FAST   
/PBC,PATH,1 
/REPLOT 
/PBC,PATH,0 
!*  
/CWD,'C:\Users\dr779\Desktop\SECURITY COPY 2\Classes\4th semester\ME 554 FEA\Computer project\Fourth FEA Project\casec' 
FINISH  
! /EXIT,ALL 
/BATCH  
/COM,ANSYS RELEASE Release 19.0      BUILD 19.0      UP20171214       18:06:01
/input,menust,tmp,''
/COM,ANSYS RELEASE Release 19.0      BUILD 19.0      UP20171214       18:06:01
/GRA,POWER
/GST,ON
/PLO,INFO,3
/GRO,CURL,ON
/CPLANE,1   
/REPLOT,RESIZE  
WPSTYLE,,,,,,,,0
/REPLOT,RESIZE  
/PREP7  
FLST,2,1,5,ORDE,1   
FITEM,2,1   
!*  
FINISH  
! /EXIT,NOSAV   
