/BATCH  
/COM,ANSYS RELEASE Release 19.0      BUILD 19.0      UP20171214       09:34:25
/input,menust,tmp,''
/COM,ANSYS RELEASE Release 19.0      BUILD 19.0      UP20171214       09:34:25
/GRA,POWER
/GST,ON
/PLO,INFO,3
/GRO,CURL,ON
/CPLANE,1   
/REPLOT,RESIZE  
WPSTYLE,,,,,,,,0
FINISH  
! /EXIT,NOSAV   
/BATCH  
/COM,ANSYS RELEASE Release 19.0      BUILD 19.0      UP20171214       09:37:37
/input,menust,tmp,''
/COM,ANSYS RELEASE Release 19.0      BUILD 19.0      UP20171214       09:37:37
/GRA,POWER
/GST,ON
/PLO,INFO,3
/GRO,CURL,ON
/CPLANE,1   
/REPLOT,RESIZE  
WPSTYLE,,,,,,,,0
/REPLOT,RESIZE  
GPLOT   
FINISH  
! /EXIT,MODEL   
/BATCH  
/COM,ANSYS RELEASE Release 19.0      BUILD 19.0      UP20171214       09:37:57
/input,menust,tmp,''
/COM,ANSYS RELEASE Release 19.0      BUILD 19.0      UP20171214       09:37:57
/GRA,POWER
/GST,ON
/PLO,INFO,3
/GRO,CURL,ON
/CPLANE,1   
/REPLOT,RESIZE  
WPSTYLE,,,,,,,,0
GPLOT   
FINISH  
! /EXIT,MODEL   
/BATCH  
/COM,ANSYS RELEASE Release 19.0      BUILD 19.0      UP20171214       11:57:43
/input,menust,tmp,''
/COM,ANSYS RELEASE Release 19.0      BUILD 19.0      UP20171214       11:57:43
/GRA,POWER
/GST,ON
/PLO,INFO,3
/GRO,CURL,ON
/CPLANE,1   
/REPLOT,RESIZE  
WPSTYLE,,,,,,,,0
/REPLOT,RESIZE  
GPLOT   
!*  
/NOPR   
KEYW,PR_SET,1   
KEYW,PR_STRUC,1 
KEYW,PR_THERM,0 
KEYW,PR_FLUID,0 
KEYW,PR_ELMAG,0 
KEYW,MAGNOD,0   
KEYW,MAGEDG,0   
KEYW,MAGHFE,0   
KEYW,MAGELC,0   
KEYW,PR_MULTI,0 
/GO 
!*  
/COM,   
/COM,Preferences for GUI filtering have been set to display:
/COM,  Structural   
!*  
/PREP7  
!*  
ET,1,PIPE288
!*  
ET,2,PIPE288
!*  
ETDEL,2 
!*  
KEYOPT,1,1,0
KEYOPT,1,3,3
KEYOPT,1,4,1
KEYOPT,1,6,0
KEYOPT,1,7,0
KEYOPT,1,8,0
KEYOPT,1,9,0
KEYOPT,1,11,0   
KEYOPT,1,12,0   
KEYOPT,1,15,0   
!*  
!*  
MPTEMP,,,,,,,,  
MPTEMP,1,0  
MPDATA,EX,1,,70000  
MPDATA,PRXY,1,,0.33 
!*  
!*  
SECTYPE,1,PIPE, ,   
SECDATA,14,1,0,0,1,0,0,0,   
SECOFFSET,0,0,  
SECCONTROL,0,   
!*  
!*  
LESIZE,ALL, , ,1, ,1, , ,1, 
FLST,2,6,4,ORDE,2   
FITEM,2,1   
FITEM,2,-6  
LMESH,P51X  
FLST,2,1,3,ORDE,1   
FITEM,2,5   
!*  
/GO 
DK,P51X, , , ,0,UY,UZ, , , , ,  
FLST,2,1,3,ORDE,1   
FITEM,2,4   
!*  
/GO 
DK,P51X, , , ,0,UX,UY,UZ, , , , 
FLST,2,1,3,ORDE,1   
FITEM,2,5   
!*  
/GO 
FK,P51X,FX,2000 
FINISH  
/SOL
/STATUS,SOLU
SOLVE   
FINISH  
/PREP7  
!*  
SECPLOT,1,0 
!*  
/RGB,INDEX,100,100,100, 0   
/RGB,INDEX, 80, 80, 80,13   
/RGB,INDEX, 60, 60, 60,14   
/RGB,INDEX, 0, 0, 0,15  
/REPLOT 
FINISH  
/SOL
FINISH  
/POST1  
!*  
/SHRINK,0   
/ESHAPE,1.0 
/EFACET,1   
/RATIO,1,1,1
/CFORMAT,32,0   
! SECPLOT,1,0   
!*  
!*  
PLESOL, S,EQV, 0,1.0
AVPRIN,0, , 
ETABLE, ,SMISC, 1   
!*  
AVPRIN,0, , 
ETABLE, ,SMISC, 14  
!*  
PLETAB,SMIS1,NOAV   
FINISH  
! /EXIT,ALL 
