/BATCH  
/COM,ANSYS RELEASE Release 19.0      BUILD 19.0      UP20171214       09:34:25
/input,menust,tmp,''
/COM,ANSYS RELEASE Release 19.0      BUILD 19.0      UP20171214       09:34:25
/GRA,POWER
/GST,ON
/PLO,INFO,3
/GRO,CURL,ON
/CPLANE,1   
/REPLOT,RESIZE  
WPSTYLE,,,,,,,,0
FINISH  
! /EXIT,NOSAV   
/BATCH  
/COM,ANSYS RELEASE Release 19.0      BUILD 19.0      UP20171214       09:37:37
/input,menust,tmp,''
/COM,ANSYS RELEASE Release 19.0      BUILD 19.0      UP20171214       09:37:37
/GRA,POWER
/GST,ON
/PLO,INFO,3
/GRO,CURL,ON
/CPLANE,1   
/REPLOT,RESIZE  
WPSTYLE,,,,,,,,0
/REPLOT,RESIZE  
GPLOT   
FINISH  
! /EXIT,MODEL   
/BATCH  
/COM,ANSYS RELEASE Release 19.0      BUILD 19.0      UP20171214       09:37:57
/input,menust,tmp,''
/COM,ANSYS RELEASE Release 19.0      BUILD 19.0      UP20171214       09:37:57
/GRA,POWER
/GST,ON
/PLO,INFO,3
/GRO,CURL,ON
/CPLANE,1   
/REPLOT,RESIZE  
WPSTYLE,,,,,,,,0
GPLOT   
FINISH  
! /EXIT,MODEL   
/BATCH  
/COM,ANSYS RELEASE Release 19.0      BUILD 19.0      UP20171214       10:05:51
/input,menust,tmp,''
/COM,ANSYS RELEASE Release 19.0      BUILD 19.0      UP20171214       10:05:51
/GRA,POWER
/GST,ON
/PLO,INFO,3
/GRO,CURL,ON
/CPLANE,1   
/REPLOT,RESIZE  
WPSTYLE,,,,,,,,0
GPLOT   
DKLIS, ALL  
/REPLOT,RESIZE  
/RGB,INDEX,100,100,100, 0   
/RGB,INDEX, 80, 80, 80,13   
/RGB,INDEX, 60, 60, 60,14   
/RGB,INDEX, 0, 0, 0,15  
/REPLOT 
/PREP7  
!*  
ET,1,PIPE288
!*  
KEYOPT,1,1,0
KEYOPT,1,3,3
KEYOPT,1,4,1
KEYOPT,1,6,0
KEYOPT,1,7,0
KEYOPT,1,8,0
KEYOPT,1,9,0
KEYOPT,1,11,0   
KEYOPT,1,12,0   
KEYOPT,1,15,0   
!*  
!*  
MPTEMP,,,,,,,,  
MPTEMP,1,0  
MPDATA,EX,1,,70000  
MPDATA,PRXY,1,,0.33 
!*  
!*  
SECTYPE,1,PIPE, ,   
SECDATA,15,2,0,0,1,0,0,0,   
SECOFFSET,0,0,  
SECCONTROL,0,   
!*  
!*  
SECPLOT,1,0 
!*  
GPLOT   
/UI,MESH,OFF
!*  
LESIZE,ALL, , ,1, ,1, , ,1, 
FLST,2,6,4,ORDE,2   
FITEM,2,1   
FITEM,2,-6  
LMESH,P51X  
FLST,2,1,3,ORDE,1   
FITEM,2,5   
!*  
/GO 
DK,P51X, , , ,0,UY,UZ, , , , ,  
FLST,2,1,3,ORDE,1   
FITEM,2,4   
LSCLEAR,ALL 
FLST,2,1,3,ORDE,1   
FITEM,2,5   
!*  
/GO 
DK,P51X, , , ,0,UY,UZ, , , , ,  
FLST,2,1,3,ORDE,1   
FITEM,2,4   
!*  
/GO 
DK,P51X, , , ,0,UX,UY,UZ, , , , 
FLST,2,1,3,ORDE,1   
FITEM,2,5   
!*  
/GO 
FK,P51X,FX,2000 
GPLOT   
FINISH  
/SOL
/STATUS,SOLU
SOLVE   
FINISH  
/POST1  
PLDISP,2
/DIST, 1 ,1.082226,1
/REP,FAST   
/DIST, 1 ,1.082226,1
/REP,FAST   
/DIST, 1 ,1.082226,1
/REP,FAST   
!*  
/EFACET,1   
PLNSOL, U,X, 0,1.0  
/DIST, 1 ,1.082226,1
/REP,FAST   
/DIST, 1 ,0.924021,1
/REP,FAST   
/DIST, 1 ,0.924021,1
/REP,FAST   
/DIST, 1 ,0.924021,1
/REP,FAST   
/DIST, 1 ,1.082226,1
/REP,FAST   
/DIST, 1 ,1.082226,1
/REP,FAST   
/DIST, 1 ,1.082226,1
/REP,FAST   
/DIST, 1 ,1.082226,1
/REP,FAST   
/DIST, 1 ,1.082226,1
/REP,FAST   
/DIST, 1 ,1.082226,1
/REP,FAST   
/DIST, 1 ,1.082226,1
/REP,FAST   
/DIST, 1 ,0.924021,1
/REP,FAST   
/DIST, 1 ,0.924021,1
/REP,FAST   
/DIST, 1 ,0.924021,1
/REP,FAST   
/DIST, 1 ,1.082226,1
/REP,FAST   
/VIEW,1,,,1 
/ANG,1  
/REP,FAST   
/DIST, 1 ,0.924021,1
/REP,FAST   
/DIST, 1 ,0.924021,1
/REP,FAST   
/DIST, 1 ,0.924021,1
/REP,FAST   
/DIST, 1 ,0.924021,1
/REP,FAST   
/DIST, 1 ,0.924021,1
/REP,FAST   
/DIST, 1 ,0.924021,1
/REP,FAST   
/DIST, 1 ,1.082226,1
/REP,FAST   
/DIST, 1 ,1.082226,1
/REP,FAST   
/DIST, 1 ,1.082226,1
/REP,FAST   
/DIST, 1 ,1.082226,1
/REP,FAST   
/DIST, 1 ,1.082226,1
/REP,FAST   
/DIST, 1 ,1.082226,1
/REP,FAST   
/DIST, 1 ,1.082226,1
/REP,FAST   
/DIST, 1 ,1.082226,1
/REP,FAST   
/DIST, 1 ,1.082226,1
/REP,FAST   
/DIST, 1 ,1.082226,1
/REP,FAST   
/DIST, 1 ,1.082226,1
/REP,FAST   
/DIST, 1 ,0.924021,1
/REP,FAST   
/DIST, 1 ,0.924021,1
/REP,FAST   
/DIST, 1 ,0.924021,1
/REP,FAST   
/DIST, 1 ,0.924021,1
/REP,FAST   
/FOC,1,,0.3,,1  
/REP,FAST   
!*  
/SHRINK,0   
/ESHAPE,1.0 
/EFACET,1   
/RATIO,1,1,1
/CFORMAT,32,0   
/REPLOT 
!*  
/DIST, 1 ,0.924021,1
/REP,FAST   
/DIST, 1 ,1.082226,1
/REP,FAST   
/DIST, 1 ,0.924021,1
/REP,FAST   
!*  
!*  
PLESOL, S,EQV, 0,1.0
/DIST, 1 ,0.924021,1
/REP,FAST   
/DIST, 1 ,0.924021,1
/REP,FAST   
/DIST, 1 ,0.924021,1
/REP,FAST   
/DIST, 1 ,0.924021,1
/REP,FAST   
/DIST, 1 ,0.924021,1
/REP,FAST   
/DIST, 1 ,1.082226,1
/REP,FAST   
/DIST, 1 ,0.924021,1
/REP,FAST   
/DIST, 1 ,0.924021,1
/REP,FAST   
/DIST, 1 ,0.924021,1
/REP,FAST   
/DIST, 1 ,0.924021,1
/REP,FAST   
/DIST, 1 ,0.924021,1
/REP,FAST   
/DIST, 1 ,0.924021,1
/REP,FAST   
/DIST, 1 ,0.924021,1
/REP,FAST   
/DIST, 1 ,0.924021,1
/REP,FAST   
/DIST, 1 ,0.924021,1
/REP,FAST   
/DIST, 1 ,0.924021,1
/REP,FAST   
/DIST, 1 ,0.924021,1
/REP,FAST   
/DIST, 1 ,1.082226,1
/REP,FAST   
/DIST, 1 ,1.082226,1
/REP,FAST   
/DIST, 1 ,1.082226,1
/REP,FAST   
/DIST, 1 ,1.082226,1
/REP,FAST   
/DIST, 1 ,1.082226,1
/REP,FAST   
/DIST, 1 ,1.082226,1
/REP,FAST   
/DIST, 1 ,1.082226,1
/REP,FAST   
/DIST, 1 ,1.082226,1
/REP,FAST   
/DIST, 1 ,1.082226,1
/REP,FAST   
/DIST, 1 ,1.082226,1
/REP,FAST   
/DIST, 1 ,1.082226,1
/REP,FAST   
/DIST, 1 ,0.924021,1
/REP,FAST   
/DIST, 1 ,0.924021,1
/REP,FAST   
/DIST, 1 ,0.924021,1
/REP,FAST   
/DIST, 1 ,0.924021,1
/REP,FAST   
/DIST, 1 ,0.924021,1
/REP,FAST   
/DIST, 1 ,0.924021,1
/REP,FAST   
/DIST, 1 ,0.924021,1
/REP,FAST   
/DIST, 1 ,0.924021,1
/REP,FAST   
/DIST, 1 ,0.924021,1
/REP,FAST   
/DIST, 1 ,0.924021,1
/REP,FAST   
/DIST, 1 ,1.082226,1
/REP,FAST   
/DIST, 1 ,1.082226,1
/REP,FAST   
/DIST, 1 ,1.082226,1
/REP,FAST   
/DIST, 1 ,1.082226,1
/REP,FAST   
/DIST, 1 ,1.082226,1
/REP,FAST   
/DIST, 1 ,1.082226,1
/REP,FAST   
/DIST, 1 ,1.082226,1
/REP,FAST   
/DIST, 1 ,1.082226,1
/REP,FAST   
/DIST, 1 ,1.082226,1
/REP,FAST   
/DIST, 1 ,1.082226,1
/REP,FAST   
/DIST, 1 ,1.082226,1
/REP,FAST   
/DIST, 1 ,0.924021,1
/REP,FAST   
/DIST, 1 ,0.924021,1
/REP,FAST   
/DIST, 1 ,0.924021,1
/REP,FAST   
/DIST, 1 ,0.924021,1
/REP,FAST   
/DIST, 1 ,0.924021,1
/REP,FAST   
/DIST, 1 ,0.924021,1
/REP,FAST   
/DIST, 1 ,0.924021,1
/REP,FAST   
/FOC,1,0.3,,,1  
/REP,FAST   
/FOC,1,0.3,,,1  
/REP,FAST   
/FOC,1,-0.3,,,1 
/REP,FAST   
/FOC,1,-0.3,,,1 
/REP,FAST   
/FOC,1,-0.3,,,1 
/REP,FAST   
/FOC,1,-0.3,,,1 
/REP,FAST   
/FOC,1,-0.3,,,1 
/REP,FAST   
/FOC,1,-0.3,,,1 
/REP,FAST   
/DIST, 1 ,1.082226,1
/REP,FAST   
/DIST, 1 ,1.082226,1
/REP,FAST   
/DIST, 1 ,1.082226,1
/REP,FAST   
/DIST, 1 ,1.082226,1
/REP,FAST   
/DIST, 1 ,1.082226,1
/REP,FAST   
/DIST, 1 ,1.082226,1
/REP,FAST   
/DIST, 1 ,1.082226,1
/REP,FAST   
/DIST, 1 ,1.082226,1
/REP,FAST   
/DIST, 1 ,1.082226,1
/REP,FAST   
/DIST, 1 ,1.082226,1
/REP,FAST   
/DIST, 1 ,1.082226,1
/REP,FAST   
/DIST, 1 ,1.082226,1
/REP,FAST   
/DIST, 1 ,1.082226,1
/REP,FAST   
/DIST, 1 ,0.924021,1
/REP,FAST   
/DIST, 1 ,0.924021,1
/REP,FAST   
/DIST, 1 ,0.924021,1
/REP,FAST   
/FOC,1,-0.3,,,1 
/REP,FAST   
/FOC,1,0.3,,,1  
/REP,FAST   
/FOC,1,0.3,,,1  
/REP,FAST   
/FOC,1,0.3,,,1  
/REP,FAST   
/FOC,1,,-0.3,,1 
/REP,FAST   
/FOC,1,,0.3,,1  
/REP,FAST   
/FOC,1,-0.3,,,1 
/REP,FAST   
/DIST, 1 ,0.924021,1
/REP,FAST   
/DIST, 1 ,0.924021,1
/REP,FAST   
/DIST, 1 ,0.924021,1
/REP,FAST   
/DIST, 1 ,1.082226,1
/REP,FAST   
/DIST, 1 ,1.082226,1
/REP,FAST   
/DIST, 1 ,1.082226,1
/REP,FAST   
/DIST, 1 ,1.082226,1
/REP,FAST   
/DIST, 1 ,1.082226,1
/REP,FAST   
/DIST, 1 ,1.082226,1
/REP,FAST   
/DIST, 1 ,1.082226,1
/REP,FAST   
/DIST, 1 ,0.924021,1
/REP,FAST   
/DIST, 1 ,0.924021,1
/REP,FAST   
/DIST, 1 ,0.924021,1
/REP,FAST   
/DIST, 1 ,0.924021,1
/REP,FAST   
/FOC,1,0.3,,,1  
/REP,FAST   
/FOC,1,,-0.3,,1 
/REP,FAST   
/DIST, 1 ,0.924021,1
/REP,FAST   
/DIST, 1 ,0.924021,1
/REP,FAST   
/FOC,1,,0.3,,1  
/REP,FAST   
/DIST, 1 ,1.082226,1
/REP,FAST   
/DIST, 1 ,1.082226,1
/REP,FAST   
/DIST, 1 ,1.082226,1
/REP,FAST   
/DIST, 1 ,0.924021,1
/REP,FAST   
/DIST, 1 ,0.924021,1
/REP,FAST   
/DIST, 1 ,1.082226,1
/REP,FAST   
/DIST, 1 ,0.924021,1
/REP,FAST   
/DIST, 1 ,0.924021,1
/REP,FAST   
/DIST, 1 ,0.924021,1
/REP,FAST   
/DIST, 1 ,0.924021,1
/REP,FAST   
/DIST, 1 ,0.924021,1
/REP,FAST   
/DIST, 1 ,0.924021,1
/REP,FAST   
/DIST, 1 ,0.924021,1
/REP,FAST   
/DIST, 1 ,0.924021,1
/REP,FAST   
/DIST, 1 ,0.924021,1
/REP,FAST   
/DIST, 1 ,0.924021,1
/REP,FAST   
/FOC,1,0.3,,,1  
/REP,FAST   
/FOC,1,0.3,,,1  
/REP,FAST   
/FOC,1,0.3,,,1  
/REP,FAST   
/FOC,1,-0.3,,,1 
/REP,FAST   
/FOC,1,-0.3,,,1 
/REP,FAST   
/FOC,1,-0.3,,,1 
/REP,FAST   
/FOC,1,-0.3,,,1 
/REP,FAST   
/FOC,1,-0.3,,,1 
/REP,FAST   
/FOC,1,-0.3,,,1 
/REP,FAST   
/FOC,1,-0.3,,,1 
/REP,FAST   
/FOC,1,-0.3,,,1 
/REP,FAST   
/DIST, 1 ,0.924021,1
/REP,FAST   
/DIST, 1 ,0.924021,1
/REP,FAST   
/DIST, 1 ,0.924021,1
/REP,FAST   
/DIST, 1 ,0.924021,1
/REP,FAST   
/DIST, 1 ,0.924021,1
/REP,FAST   
/DIST, 1 ,0.924021,1
/REP,FAST   
/DIST, 1 ,0.924021,1
/REP,FAST   
/DIST, 1 ,0.924021,1
/REP,FAST   
/DIST, 1 ,0.924021,1
/REP,FAST   
/DIST, 1 ,0.924021,1
/REP,FAST   
/DIST, 1 ,0.924021,1
/REP,FAST   
/DIST, 1 ,0.924021,1
/REP,FAST   
/DIST, 1 ,0.924021,1
/REP,FAST   
/DIST, 1 ,0.924021,1
/REP,FAST   
/FOC,1,-0.3,,,1 
/REP,FAST   
/FOC,1,-0.3,,,1 
/REP,FAST   
/FOC,1,-0.3,,,1 
/REP,FAST   
/DIST, 1 ,0.924021,1
/REP,FAST   
/DIST, 1 ,0.924021,1
/REP,FAST   
/DIST, 1 ,0.924021,1
/REP,FAST   
/DIST, 1 ,0.924021,1
/REP,FAST   
/DIST, 1 ,0.924021,1
/REP,FAST   
/DIST, 1 ,0.924021,1
/REP,FAST   
/DIST, 1 ,0.924021,1
/REP,FAST   
/DIST, 1 ,0.924021,1
/REP,FAST   
/DIST, 1 ,0.924021,1
/REP,FAST   
/DIST, 1 ,0.924021,1
/REP,FAST   
/DIST, 1 ,0.924021,1
/REP,FAST   
/DIST, 1 ,0.924021,1
/REP,FAST   
/DIST, 1 ,0.924021,1
/REP,FAST   
/FOC,1,,0.3,,1  
/REP,FAST   
/FOC,1,,-0.3,,1 
/REP,FAST   
/FOC,1,,-0.3,,1 
/REP,FAST   
/FOC,1,,-0.3,,1 
/REP,FAST   
/FOC,1,,-0.3,,1 
/REP,FAST   
/FOC,1,,-0.3,,1 
/REP,FAST   
/DIST, 1 ,1.082226,1
/REP,FAST   
/DIST, 1 ,1.082226,1
/REP,FAST   
/DIST, 1 ,1.082226,1
/REP,FAST   
/DIST, 1 ,1.082226,1
/REP,FAST   
/DIST, 1 ,1.082226,1
/REP,FAST   
/DIST, 1 ,1.082226,1
/REP,FAST   
/DIST, 1 ,1.082226,1
/REP,FAST   
/DIST, 1 ,1.082226,1
/REP,FAST   
/DIST, 1 ,1.082226,1
/REP,FAST   
/DIST, 1 ,1.082226,1
/REP,FAST   
/DIST, 1 ,1.082226,1
/REP,FAST   
/DIST, 1 ,1.082226,1
/REP,FAST   
/DIST, 1 ,1.082226,1
/REP,FAST   
/DIST, 1 ,1.082226,1
/REP,FAST   
/DIST, 1 ,1.082226,1
/REP,FAST   
/DIST, 1 ,1.082226,1
/REP,FAST   
/DIST, 1 ,1.082226,1
/REP,FAST   
/DIST, 1 ,1.082226,1
/REP,FAST   
/DIST, 1 ,1.082226,1
/REP,FAST   
/DIST, 1 ,1.082226,1
/REP,FAST   
/DIST, 1 ,1.082226,1
/REP,FAST   
/DIST, 1 ,1.082226,1
/REP,FAST   
/DIST, 1 ,1.082226,1
/REP,FAST   
/DIST, 1 ,1.082226,1
/REP,FAST   
/DIST, 1 ,1.082226,1
/REP,FAST   
/DIST, 1 ,1.082226,1
/REP,FAST   
/DIST, 1 ,1.082226,1
/REP,FAST   
/DIST, 1 ,1.082226,1
/REP,FAST   
/DIST, 1 ,1.082226,1
/REP,FAST   
/DIST, 1 ,1.082226,1
/REP,FAST   
/DIST, 1 ,1.082226,1
/REP,FAST   
/DIST, 1 ,1.082226,1
/REP,FAST   
/DIST, 1 ,1.082226,1
/REP,FAST   
/DIST, 1 ,1.082226,1
/REP,FAST   
/DIST, 1 ,1.082226,1
/REP,FAST   
/DIST, 1 ,1.082226,1
/REP,FAST   
/DIST, 1 ,1.082226,1
/REP,FAST   
/DIST, 1 ,1.082226,1
/REP,FAST   
/DIST, 1 ,1.082226,1
/REP,FAST   
/DIST, 1 ,0.924021,1
/REP,FAST   
/DIST, 1 ,0.924021,1
/REP,FAST   
/DIST, 1 ,0.924021,1
/REP,FAST   
/DIST, 1 ,0.924021,1
/REP,FAST   
/DIST, 1 ,0.924021,1
/REP,FAST   
/DIST, 1 ,0.924021,1
/REP,FAST   
/DIST, 1 ,0.924021,1
/REP,FAST   
/DIST, 1 ,0.924021,1
/REP,FAST   
/DIST, 1 ,0.924021,1
/REP,FAST   
/DIST, 1 ,0.924021,1
/REP,FAST   
/DIST, 1 ,0.924021,1
/REP,FAST   
/DIST, 1 ,0.924021,1
/REP,FAST   
/DIST, 1 ,0.924021,1
/REP,FAST   
/DIST, 1 ,0.924021,1
/REP,FAST   
/DIST, 1 ,0.924021,1
/REP,FAST   
/DIST, 1 ,0.924021,1
/REP,FAST   
/DIST, 1 ,0.924021,1
/REP,FAST   
/DIST, 1 ,0.924021,1
/REP,FAST   
/DIST, 1 ,0.924021,1
/REP,FAST   
/DIST, 1 ,0.924021,1
/REP,FAST   
/DIST, 1 ,0.924021,1
/REP,FAST   
/DIST, 1 ,0.924021,1
/REP,FAST   
/DIST, 1 ,0.924021,1
/REP,FAST   
/DIST, 1 ,0.924021,1
/REP,FAST   
/DIST, 1 ,0.924021,1
/REP,FAST   
/DIST, 1 ,0.924021,1
/REP,FAST   
/DIST, 1 ,0.924021,1
/REP,FAST   
/DIST, 1 ,0.924021,1
/REP,FAST   
/DIST, 1 ,0.924021,1
/REP,FAST   
/DIST, 1 ,0.924021,1
/REP,FAST   
/DIST, 1 ,0.924021,1
/REP,FAST   
/DIST, 1 ,0.924021,1
/REP,FAST   
/DIST, 1 ,0.924021,1
/REP,FAST   
/DIST, 1 ,1.082226,1
/REP,FAST   
/DIST, 1 ,1.082226,1
/REP,FAST   
/DIST, 1 ,1.082226,1
/REP,FAST   
/DIST, 1 ,1.082226,1
/REP,FAST   
/DIST, 1 ,1.082226,1
/REP,FAST   
/DIST, 1 ,1.082226,1
/REP,FAST   
/DIST, 1 ,1.082226,1
/REP,FAST   
/DIST, 1 ,0.924021,1
/REP,FAST   
/DIST, 1 ,1.082226,1
/REP,FAST   
/DIST, 1 ,1.082226,1
/REP,FAST   
/DIST, 1 ,1.082226,1
/REP,FAST   
/DIST, 1 ,1.082226,1
/REP,FAST   
/DIST, 1 ,1.082226,1
/REP,FAST   
/DIST, 1 ,1.082226,1
/REP,FAST   
/DIST, 1 ,1.082226,1
/REP,FAST   
/DIST, 1 ,1.082226,1
/REP,FAST   
/DIST, 1 ,1.082226,1
/REP,FAST   
/DIST, 1 ,1.082226,1
/REP,FAST   
/DIST, 1 ,1.082226,1
/REP,FAST   
/DIST, 1 ,1.082226,1
/REP,FAST   
/DIST, 1 ,1.082226,1
/REP,FAST   
/DIST, 1 ,1.082226,1
/REP,FAST   
/DIST, 1 ,1.082226,1
/REP,FAST   
/DIST, 1 ,1.082226,1
/REP,FAST   
/DIST, 1 ,1.082226,1
/REP,FAST   
/DIST, 1 ,1.082226,1
/REP,FAST   
/DIST, 1 ,1.082226,1
/REP,FAST   
/DIST, 1 ,0.924021,1
/REP,FAST   
/DIST, 1 ,1.082226,1
/REP,FAST   
/DIST, 1 ,1.082226,1
/REP,FAST   
/DIST, 1 ,1.082226,1
/REP,FAST   
/DIST, 1 ,1.082226,1
/REP,FAST   
/DIST, 1 ,1.082226,1
/REP,FAST   
/DIST, 1 ,1.082226,1
/REP,FAST   
/DIST, 1 ,0.924021,1
/REP,FAST   
/DIST, 1 ,1.082226,1
/REP,FAST   
/DIST, 1 ,1.082226,1
/REP,FAST   
/DIST, 1 ,1.082226,1
/REP,FAST   
/FOC,1,-0.3,,,1 
/REP,FAST   
/FOC,1,-0.3,,,1 
/REP,FAST   
/FOC,1,0.3,,,1  
/REP,FAST   
/FOC,1,0.3,,,1  
/REP,FAST   
/FOC,1,0.3,,,1  
/REP,FAST   
/FOC,1,0.3,,,1  
/REP,FAST   
!*  
PRESOL,S,PRIN   
PRSECT, ,1  
PRETAB, 
!*  
FINISH  
/PREP7  
FINISH  
/POST1  
!*  
AVPRIN,0, , 
ETABLE, ,SMISC,1
!*  
AVPRIN,0, , 
ETABLE, ,SMISC,14   
!*  
AVPRIN,0, , 
ETABLE, ,U,X
!*  
ETABLE,,ERASE,3 
PLETAB,SMIS1,NOAV   
!*  
PLESOL, S,1, 0,1.0  
PLETAB,SMIS1,AVG
PLETAB,SMIS1,AVG
PLETAB,SMIS1,AVG
PLETAB,SMIS1,AVG
PLETAB,SMIS1,NOAV   
PLETAB,SMIS1,NOAV   
PLETAB,SMIS1,NOAV   
/DIST, 1 ,0.924021,1
/REP,FAST   
/DIST, 1 ,0.924021,1
/REP,FAST   
FINISH  
! /EXIT,ALL 
/BATCH  
/COM,ANSYS RELEASE Release 19.0      BUILD 19.0      UP20171214       14:40:15
/input,menust,tmp,''
/COM,ANSYS RELEASE Release 19.0      BUILD 19.0      UP20171214       14:40:15
/GRA,POWER
/GST,ON
/PLO,INFO,3
/GRO,CURL,ON
/CPLANE,1   
/REPLOT,RESIZE  
WPSTYLE,,,,,,,,0
FKLIS, ALL  
/RGB,INDEX,100,100,100, 0   
/RGB,INDEX, 80, 80, 80,13   
/RGB,INDEX, 60, 60, 60,14   
/RGB,INDEX, 0, 0, 0,15  
/REPLOT 
/REPLOT,RESIZE  
/REPLOT,RESIZE  
GPLOT   
/POST1  
PLDISP,2
PLDISP,2
!*  
/EFACET,1   
PLNSOL, EPEL,X, 0,1.0   
!*  
/EFACET,1   
PLNSOL, EPTO,X, 0,1.0   
/EFACET,1   
PLNSOL, U,X, 0,1.0  
/EFACET,1   
PLNSOL, U,Y, 0,1.0  
/EFACET,1   
PLNSOL, U,Z, 0,1.0  
/EFACET,1   
PLNSOL, U,SUM, 0,1.0
FINISH  
! /EXIT,ALL 
