/BATCH  
/COM,ANSYS RELEASE Release 19.0      BUILD 19.0      UP20171214       10:33:14
/input,menust,tmp,''
/COM,ANSYS RELEASE Release 19.0      BUILD 19.0      UP20171214       10:33:14
/GRA,POWER
/GST,ON
/PLO,INFO,3
/GRO,CURL,ON
/CPLANE,1   
/REPLOT,RESIZE  
WPSTYLE,,,,,,,,0
/DIST, 1 ,1.082226,1
/REP,FAST   
/DIST, 1 ,1.082226,1
/REP,FAST   
/DIST, 1 ,1.082226,1
/REP,FAST   
/DIST, 1 ,1.082226,1
/REP,FAST   
/DIST, 1 ,1.082226,1
/REP,FAST   
/DIST, 1 ,1.082226,1
/REP,FAST   
/DIST, 1 ,1.082226,1
/REP,FAST   
/DIST, 1 ,1.082226,1
/REP,FAST   
/DIST, 1 ,1.082226,1
/REP,FAST   
/DIST, 1 ,0.924021,1
/REP,FAST   
/DIST, 1 ,0.924021,1
/REP,FAST   
/REPLOT,RESIZE  
/SOLU   
/STATUS,SOLU
SOLVE   
FINISH  
/POST1  
SET,LIST,2  
!*  
PRESOL,FORC 
FINISH  
! /EXIT,MODEL   
