/BATCH  
/COM,ANSYS RELEASE Release 19.0      BUILD 19.0      UP20171214       12:15:16
/input,menust,tmp,''
/COM,ANSYS RELEASE Release 19.0      BUILD 19.0      UP20171214       12:15:16
/GRA,POWER
/GST,ON
/PLO,INFO,3
/GRO,CURL,ON
/CPLANE,1   
/REPLOT,RESIZE  
WPSTYLE,,,,,,,,0
FINISH  
! /EXIT,ALL 
/BATCH  
/COM,ANSYS RELEASE Release 19.0      BUILD 19.0      UP20171214       10:47:48
/input,menust,tmp,''
/COM,ANSYS RELEASE Release 19.0      BUILD 19.0      UP20171214       10:47:48
/GRA,POWER
/GST,ON
/PLO,INFO,3
/GRO,CURL,ON
/CPLANE,1   
/REPLOT,RESIZE  
WPSTYLE,,,,,,,,0
/REPLOT,RESIZE  
/PREP7  
FINISH  
/SOL
/STATUS,SOLU
SOLVE   
FINISH  
/POST1  
!*  
PRESOL,FORC 
